app/build/intermediates/manifest_merge_blame_file/debug/manifest-merger-blame-debug-report.txt
1<?xml version="1.0" encoding="utf-8"?>
2<manifest xmlns:android="http://schemas.android.com/apk/res/android"
3    package="com.editmypdffree.rdtl"
4    android:versionCode="1"
5    android:versionName="1.0" >
6
7    <uses-sdk
8        android:minSdkVersion="21"
8-->src\main\AndroidManifest.xml
9        android:targetSdkVersion="29" />
9-->src\main\AndroidManifest.xml
10
11    <uses-permission android:name="android.permission.WRITE_EXTERNAL_STORAGE" />
11-->src\main\AndroidManifest.xml:6:5-81
11-->src\main\AndroidManifest.xml:6:22-78
12    <uses-permission android:name="android.permission.READ_EXTERNAL_STORAGE" />
12-->src\main\AndroidManifest.xml:7:5-80
12-->src\main\AndroidManifest.xml:7:22-77
13    <uses-permission android:name="android.permission.MANAGE_EXTERNAL_STORAGE" />
13-->src\main\AndroidManifest.xml:8:5-82
13-->src\main\AndroidManifest.xml:8:22-79
14
15    <uses-feature android:name="android.hardware.camera" />
15-->src\main\AndroidManifest.xml:10:5-60
15-->src\main\AndroidManifest.xml:10:19-57
16    <uses-feature
16-->src\main\AndroidManifest.xml:11:5-13:36
17        android:name="android.hardware.camera.autofocus"
17-->src\main\AndroidManifest.xml:12:9-57
18        android:required="false" />
18-->src\main\AndroidManifest.xml:13:9-33
19
20    <uses-permission android:name="android.permission.CAMERA" />
20-->src\main\AndroidManifest.xml:15:5-65
20-->src\main\AndroidManifest.xml:15:22-62
21
22    <!-- Create a unique permission for your app and use it so only your app can receive your OneSignal messages. -->
23    <permission
23-->[com.onesignal:OneSignal:4.4.1] AndroidManifest.xml:7:5-9:47
24        android:name="com.editmypdffree.rdtl.permission.C2D_MESSAGE"
24-->[com.onesignal:OneSignal:4.4.1] AndroidManifest.xml:8:9-63
25        android:protectionLevel="signature" />
25-->[com.onesignal:OneSignal:4.4.1] AndroidManifest.xml:9:9-44
26
27    <uses-permission android:name="com.editmypdffree.rdtl.permission.C2D_MESSAGE" /> <!-- OneSignal SDK has runtime checks Android version. -->
27-->[com.onesignal:OneSignal:4.4.1] AndroidManifest.xml:11:5-79
27-->[com.onesignal:OneSignal:4.4.1] AndroidManifest.xml:11:22-76
28    <!-- <uses-sdk tools:overrideLibrary="androidx.browser"/> -->
29    <!-- Required so the device can access the internet. -->
30    <uses-permission android:name="android.permission.INTERNET" /> <!-- c2dm RECEIVE are basic requirements for push messages through Google's FCM -->
30-->[com.onesignal:OneSignal:4.4.1] AndroidManifest.xml:16:5-67
30-->[com.onesignal:OneSignal:4.4.1] AndroidManifest.xml:16:22-64
31    <uses-permission android:name="com.google.android.c2dm.permission.RECEIVE" /> <!-- Required, makes sure notifications are delivered on time. -->
31-->[com.onesignal:OneSignal:4.4.1] AndroidManifest.xml:17:5-82
31-->[com.onesignal:OneSignal:4.4.1] AndroidManifest.xml:17:22-79
32    <uses-permission android:name="android.permission.WAKE_LOCK" />
32-->[com.onesignal:OneSignal:4.4.1] AndroidManifest.xml:18:5-68
32-->[com.onesignal:OneSignal:4.4.1] AndroidManifest.xml:18:22-65
33    <!--
34 Required so the device vibrates on receiving a push notification.
35         Vibration settings of the device still apply.
36    -->
37    <uses-permission android:name="android.permission.VIBRATE" />
37-->[com.onesignal:OneSignal:4.4.1] AndroidManifest.xml:23:5-66
37-->[com.onesignal:OneSignal:4.4.1] AndroidManifest.xml:23:22-63
38    <uses-permission android:name="android.permission.ACCESS_NETWORK_STATE" />
38-->[com.onesignal:OneSignal:4.4.1] AndroidManifest.xml:24:5-79
38-->[com.onesignal:OneSignal:4.4.1] AndroidManifest.xml:24:22-76
39    <!--
40 Use to restore notifications the user hasn't interacted with.
41         They could be missed notifications if the user reboots their device if this isn't in place.
42    -->
43    <uses-permission android:name="android.permission.RECEIVE_BOOT_COMPLETED" /> <!-- START: ShortcutBadger -->
43-->[com.onesignal:OneSignal:4.4.1] AndroidManifest.xml:29:5-81
43-->[com.onesignal:OneSignal:4.4.1] AndroidManifest.xml:29:22-78
44    <!-- Samsung -->
45    <uses-permission android:name="com.sec.android.provider.badge.permission.READ" />
45-->[com.onesignal:OneSignal:4.4.1] AndroidManifest.xml:31:5-86
45-->[com.onesignal:OneSignal:4.4.1] AndroidManifest.xml:31:22-83
46    <uses-permission android:name="com.sec.android.provider.badge.permission.WRITE" /> <!-- HTC -->
46-->[com.onesignal:OneSignal:4.4.1] AndroidManifest.xml:32:5-87
46-->[com.onesignal:OneSignal:4.4.1] AndroidManifest.xml:32:22-84
47    <uses-permission android:name="com.htc.launcher.permission.READ_SETTINGS" />
47-->[com.onesignal:OneSignal:4.4.1] AndroidManifest.xml:33:5-81
47-->[com.onesignal:OneSignal:4.4.1] AndroidManifest.xml:33:22-78
48    <uses-permission android:name="com.htc.launcher.permission.UPDATE_SHORTCUT" /> <!-- Sony -->
48-->[com.onesignal:OneSignal:4.4.1] AndroidManifest.xml:34:5-83
48-->[com.onesignal:OneSignal:4.4.1] AndroidManifest.xml:34:22-80
49    <uses-permission android:name="com.sonyericsson.home.permission.BROADCAST_BADGE" />
49-->[com.onesignal:OneSignal:4.4.1] AndroidManifest.xml:35:5-88
49-->[com.onesignal:OneSignal:4.4.1] AndroidManifest.xml:35:22-85
50    <uses-permission android:name="com.sonymobile.home.permission.PROVIDER_INSERT_BADGE" /> <!-- Apex -->
50-->[com.onesignal:OneSignal:4.4.1] AndroidManifest.xml:36:5-92
50-->[com.onesignal:OneSignal:4.4.1] AndroidManifest.xml:36:22-89
51    <uses-permission android:name="com.anddoes.launcher.permission.UPDATE_COUNT" /> <!-- Solid -->
51-->[com.onesignal:OneSignal:4.4.1] AndroidManifest.xml:37:5-84
51-->[com.onesignal:OneSignal:4.4.1] AndroidManifest.xml:37:22-81
52    <uses-permission android:name="com.majeur.launcher.permission.UPDATE_BADGE" /> <!-- Huawei -->
52-->[com.onesignal:OneSignal:4.4.1] AndroidManifest.xml:38:5-83
52-->[com.onesignal:OneSignal:4.4.1] AndroidManifest.xml:38:22-80
53    <uses-permission android:name="com.huawei.android.launcher.permission.CHANGE_BADGE" />
53-->[com.onesignal:OneSignal:4.4.1] AndroidManifest.xml:39:5-91
53-->[com.onesignal:OneSignal:4.4.1] AndroidManifest.xml:39:22-88
54    <uses-permission android:name="com.huawei.android.launcher.permission.READ_SETTINGS" />
54-->[com.onesignal:OneSignal:4.4.1] AndroidManifest.xml:40:5-92
54-->[com.onesignal:OneSignal:4.4.1] AndroidManifest.xml:40:22-89
55    <uses-permission android:name="com.huawei.android.launcher.permission.WRITE_SETTINGS" /> <!-- ZUK -->
55-->[com.onesignal:OneSignal:4.4.1] AndroidManifest.xml:41:5-93
55-->[com.onesignal:OneSignal:4.4.1] AndroidManifest.xml:41:22-90
56    <uses-permission android:name="android.permission.READ_APP_BADGE" /> <!-- OPPO -->
56-->[com.onesignal:OneSignal:4.4.1] AndroidManifest.xml:42:5-73
56-->[com.onesignal:OneSignal:4.4.1] AndroidManifest.xml:42:22-70
57    <uses-permission android:name="com.oppo.launcher.permission.READ_SETTINGS" />
57-->[com.onesignal:OneSignal:4.4.1] AndroidManifest.xml:43:5-82
57-->[com.onesignal:OneSignal:4.4.1] AndroidManifest.xml:43:22-79
58    <uses-permission android:name="com.oppo.launcher.permission.WRITE_SETTINGS" /> <!-- EvMe -->
58-->[com.onesignal:OneSignal:4.4.1] AndroidManifest.xml:44:5-83
58-->[com.onesignal:OneSignal:4.4.1] AndroidManifest.xml:44:22-80
59    <uses-permission android:name="me.everything.badger.permission.BADGE_COUNT_READ" />
59-->[com.onesignal:OneSignal:4.4.1] AndroidManifest.xml:45:5-88
59-->[com.onesignal:OneSignal:4.4.1] AndroidManifest.xml:45:22-85
60    <uses-permission android:name="me.everything.badger.permission.BADGE_COUNT_WRITE" />
60-->[com.onesignal:OneSignal:4.4.1] AndroidManifest.xml:46:5-89
60-->[com.onesignal:OneSignal:4.4.1] AndroidManifest.xml:46:22-86
61
62    <uses-feature
62-->[com.journeyapps:zxing-android-embedded:3.4.0] AndroidManifest.xml:27:5-29:36
63        android:name="android.hardware.camera.front"
63-->[com.journeyapps:zxing-android-embedded:3.4.0] AndroidManifest.xml:28:9-53
64        android:required="false" />
64-->[com.journeyapps:zxing-android-embedded:3.4.0] AndroidManifest.xml:29:9-33
65    <uses-feature
65-->[com.journeyapps:zxing-android-embedded:3.4.0] AndroidManifest.xml:35:5-37:36
66        android:name="android.hardware.camera.flash"
66-->[com.journeyapps:zxing-android-embedded:3.4.0] AndroidManifest.xml:36:9-53
67        android:required="false" />
67-->[com.journeyapps:zxing-android-embedded:3.4.0] AndroidManifest.xml:37:9-33
68    <uses-feature
68-->[com.journeyapps:zxing-android-embedded:3.4.0] AndroidManifest.xml:38:5-40:36
69        android:name="android.hardware.screen.landscape"
69-->[com.journeyapps:zxing-android-embedded:3.4.0] AndroidManifest.xml:39:9-57
70        android:required="false" />
70-->[com.journeyapps:zxing-android-embedded:3.4.0] AndroidManifest.xml:40:9-33
71    <uses-feature
71-->[com.journeyapps:zxing-android-embedded:3.4.0] AndroidManifest.xml:41:5-43:36
72        android:name="android.hardware.wifi"
72-->[com.journeyapps:zxing-android-embedded:3.4.0] AndroidManifest.xml:42:9-45
73        android:required="false" />
73-->[com.journeyapps:zxing-android-embedded:3.4.0] AndroidManifest.xml:43:9-33
74
75    <uses-permission android:name="com.google.android.finsky.permission.BIND_GET_INSTALL_REFERRER_SERVICE" />
75-->[com.google.android.gms:play-services-measurement:19.0.0] AndroidManifest.xml:26:5-110
75-->[com.google.android.gms:play-services-measurement:19.0.0] AndroidManifest.xml:26:22-107
76    <uses-permission android:name="android.permission.FOREGROUND_SERVICE" />
76-->[androidx.work:work-runtime:2.5.0] AndroidManifest.xml:28:5-77
76-->[androidx.work:work-runtime:2.5.0] AndroidManifest.xml:28:22-74
77
78    <application
78-->src\main\AndroidManifest.xml:17:5-87:19
79        android:name="com.editmypdffree.rdtl.util.PDFApplication"
79-->src\main\AndroidManifest.xml:18:9-44
80        android:allowBackup="true"
80-->src\main\AndroidManifest.xml:19:9-35
81        android:appComponentFactory="androidx.core.app.CoreComponentFactory"
81-->[androidx.core:core:1.3.0] AndroidManifest.xml:24:18-86
82        android:fullBackupContent="@xml/backup_descriptor"
82-->src\main\AndroidManifest.xml:20:9-59
83        android:hardwareAccelerated="true"
83-->src\main\AndroidManifest.xml:21:9-43
84        android:icon="@drawable/ic_launcher"
84-->src\main\AndroidManifest.xml:22:9-45
85        android:label="@string/app_name"
85-->src\main\AndroidManifest.xml:23:9-41
86        android:largeHeap="true"
86-->src\main\AndroidManifest.xml:24:9-33
87        android:requestLegacyExternalStorage="true"
87-->src\main\AndroidManifest.xml:25:9-52
88        android:roundIcon="@drawable/ic_launcher_round"
88-->src\main\AndroidManifest.xml:26:9-56
89        android:supportsRtl="true"
89-->src\main\AndroidManifest.xml:27:9-35
90        android:testOnly="true"
91        android:theme="@style/AppThemeWhite" >
91-->src\main\AndroidManifest.xml:28:9-45
92        <activity android:name="com.editmypdffree.rdtl.activity.MainActivity2nothing" />
92-->src\main\AndroidManifest.xml:30:9-76
92-->src\main\AndroidManifest.xml:30:19-64
93        <!-- Sample AdMob App ID: ca-app-pub-3940256099942544~3347511713 -->
94        <meta-data
94-->src\main\AndroidManifest.xml:32:9-34:52
95            android:name="com.google.android.gms.ads.APPLICATION_ID"
95-->src\main\AndroidManifest.xml:33:13-69
96            android:value="@string/Admob_app_id" />
96-->src\main\AndroidManifest.xml:34:13-49
97
98        <activity
98-->src\main\AndroidManifest.xml:36:9-38:59
99            android:name="com.theartofdev.edmodo.cropper.CropImageActivity"
99-->src\main\AndroidManifest.xml:37:13-76
100            android:theme="@style/Base.Theme.AppCompat" />
100-->src\main\AndroidManifest.xml:38:13-56
101        <activity
101-->src\main\AndroidManifest.xml:39:9-67:20
102            android:name="com.editmypdffree.rdtl.activity.MainActivity"
102-->src\main\AndroidManifest.xml:40:13-50
103            android:label="@string/app_name"
103-->src\main\AndroidManifest.xml:41:13-45
104            android:screenOrientation="portrait"
104-->src\main\AndroidManifest.xml:42:13-49
105            android:windowSoftInputMode="adjustPan" >
105-->src\main\AndroidManifest.xml:43:13-52
106            <intent-filter>
106-->src\main\AndroidManifest.xml:44:13-48:29
107                <action android:name="android.intent.action.MAIN" />
107-->src\main\AndroidManifest.xml:45:17-69
107-->src\main\AndroidManifest.xml:45:25-66
108
109                <category android:name="android.intent.category.LAUNCHER" />
109-->src\main\AndroidManifest.xml:47:17-77
109-->src\main\AndroidManifest.xml:47:27-74
110            </intent-filter>
111            <intent-filter>
111-->src\main\AndroidManifest.xml:49:13-55:29
112                <action android:name="android.intent.action.SEND_MULTIPLE" />
112-->src\main\AndroidManifest.xml:50:17-78
112-->src\main\AndroidManifest.xml:50:25-75
113
114                <category android:name="android.intent.category.DEFAULT" />
114-->src\main\AndroidManifest.xml:52:17-76
114-->src\main\AndroidManifest.xml:52:27-73
115
116                <data android:mimeType="image/*" />
116-->src\main\AndroidManifest.xml:54:17-52
116-->src\main\AndroidManifest.xml:54:23-49
117            </intent-filter>
118            <intent-filter>
118-->src\main\AndroidManifest.xml:56:13-62:29
119                <action android:name="android.intent.action.SEND" />
119-->src\main\AndroidManifest.xml:57:17-69
119-->src\main\AndroidManifest.xml:57:25-66
120
121                <category android:name="android.intent.category.DEFAULT" />
121-->src\main\AndroidManifest.xml:52:17-76
121-->src\main\AndroidManifest.xml:52:27-73
122
123                <data android:mimeType="image/*" />
123-->src\main\AndroidManifest.xml:54:17-52
123-->src\main\AndroidManifest.xml:54:23-49
124            </intent-filter>
125
126            <meta-data
126-->src\main\AndroidManifest.xml:64:13-66:53
127                android:name="android.app.shortcuts"
127-->src\main\AndroidManifest.xml:65:17-53
128                android:resource="@xml/shortcuts" />
128-->src\main\AndroidManifest.xml:66:17-50
129        </activity>
130        <activity android:name="com.editmypdffree.rdtl.activity.CropImageActivity" />
130-->src\main\AndroidManifest.xml:68:9-64
130-->src\main\AndroidManifest.xml:68:19-61
131
132        <provider
132-->src\main\AndroidManifest.xml:70:9-78:20
133            android:name="androidx.core.content.FileProvider"
133-->src\main\AndroidManifest.xml:71:13-62
134            android:authorities="com.editmypdffree.rdtl"
134-->src\main\AndroidManifest.xml:72:13-57
135            android:exported="false"
135-->src\main\AndroidManifest.xml:73:13-37
136            android:grantUriPermissions="true" >
136-->src\main\AndroidManifest.xml:74:13-47
137            <meta-data
137-->src\main\AndroidManifest.xml:75:13-77:58
138                android:name="android.support.FILE_PROVIDER_PATHS"
138-->src\main\AndroidManifest.xml:76:17-67
139                android:resource="@xml/provider_paths" />
139-->src\main\AndroidManifest.xml:77:17-55
140        </provider>
141
142        <activity android:name="com.editmypdffree.rdtl.activity.WelcomeActivity" />
142-->src\main\AndroidManifest.xml:80:9-62
142-->src\main\AndroidManifest.xml:80:19-59
143        <activity android:name="com.editmypdffree.rdtl.activity.ImageEditor" />
143-->src\main\AndroidManifest.xml:81:9-58
143-->src\main\AndroidManifest.xml:81:19-55
144        <activity android:name="com.editmypdffree.rdtl.activity.PreviewActivity" />
144-->src\main\AndroidManifest.xml:82:9-62
144-->src\main\AndroidManifest.xml:82:19-59
145        <activity android:name="com.editmypdffree.rdtl.activity.RearrangeImages" />
145-->src\main\AndroidManifest.xml:83:9-62
145-->src\main\AndroidManifest.xml:83:19-59
146        <activity android:name="com.editmypdffree.rdtl.activity.ImagesPreviewActivity" />
146-->src\main\AndroidManifest.xml:84:9-68
146-->src\main\AndroidManifest.xml:84:19-65
147        <activity android:name="com.editmypdffree.rdtl.activity.RearrangePdfPages" />
147-->src\main\AndroidManifest.xml:85:9-64
147-->src\main\AndroidManifest.xml:85:19-61
148        <activity android:name="com.editmypdffree.rdtl.activity.FavouritesActivity" />
148-->src\main\AndroidManifest.xml:86:9-65
148-->src\main\AndroidManifest.xml:86:19-62
149        <activity android:name="com.zhihu.matisse.ui.MatisseActivity" />
149-->[com.zhihu.android:matisse:0.5.3-beta3] AndroidManifest.xml:28:9-73
149-->[com.zhihu.android:matisse:0.5.3-beta3] AndroidManifest.xml:28:19-70
150        <activity android:name="com.zhihu.matisse.internal.ui.AlbumPreviewActivity" />
150-->[com.zhihu.android:matisse:0.5.3-beta3] AndroidManifest.xml:29:9-87
150-->[com.zhihu.android:matisse:0.5.3-beta3] AndroidManifest.xml:29:19-84
151        <activity android:name="com.zhihu.matisse.internal.ui.SelectedPreviewActivity" />
151-->[com.zhihu.android:matisse:0.5.3-beta3] AndroidManifest.xml:30:9-90
151-->[com.zhihu.android:matisse:0.5.3-beta3] AndroidManifest.xml:30:19-87
152
153        <receiver
153-->[com.onesignal:OneSignal:4.4.1] AndroidManifest.xml:49:9-60:20
154            android:name="com.onesignal.FCMBroadcastReceiver"
154-->[com.onesignal:OneSignal:4.4.1] AndroidManifest.xml:50:13-62
155            android:exported="true"
155-->[com.onesignal:OneSignal:4.4.1] AndroidManifest.xml:51:13-36
156            android:permission="com.google.android.c2dm.permission.SEND" >
156-->[com.onesignal:OneSignal:4.4.1] AndroidManifest.xml:52:13-73
157
158            <!-- High priority so OneSignal payloads can be filtered from other FCM receivers -->
159            <intent-filter android:priority="999" >
159-->[com.onesignal:OneSignal:4.4.1] AndroidManifest.xml:55:13-59:29
159-->[com.onesignal:OneSignal:4.4.1] AndroidManifest.xml:55:28-50
160                <action android:name="com.google.android.c2dm.intent.RECEIVE" />
160-->[com.onesignal:OneSignal:4.4.1] AndroidManifest.xml:56:17-81
160-->[com.onesignal:OneSignal:4.4.1] AndroidManifest.xml:56:25-78
161
162                <category android:name="com.editmypdffree.rdtl" />
162-->[com.onesignal:OneSignal:4.4.1] AndroidManifest.xml:58:17-61
162-->[com.onesignal:OneSignal:4.4.1] AndroidManifest.xml:58:27-58
163            </intent-filter>
164        </receiver>
165
166        <service
166-->[com.onesignal:OneSignal:4.4.1] AndroidManifest.xml:62:9-68:19
167            android:name="com.onesignal.HmsMessageServiceOneSignal"
167-->[com.onesignal:OneSignal:4.4.1] AndroidManifest.xml:63:13-68
168            android:exported="false" >
168-->[com.onesignal:OneSignal:4.4.1] AndroidManifest.xml:64:13-37
169            <intent-filter>
169-->[com.onesignal:OneSignal:4.4.1] AndroidManifest.xml:65:13-67:29
170                <action android:name="com.huawei.push.action.MESSAGING_EVENT" />
170-->[com.onesignal:OneSignal:4.4.1] AndroidManifest.xml:66:17-81
170-->[com.onesignal:OneSignal:4.4.1] AndroidManifest.xml:66:25-78
171            </intent-filter>
172        </service>
173
174        <activity
174-->[com.onesignal:OneSignal:4.4.1] AndroidManifest.xml:70:9-78:20
175            android:name="com.onesignal.NotificationOpenedActivityHMS"
175-->[com.onesignal:OneSignal:4.4.1] AndroidManifest.xml:71:13-71
176            android:exported="true"
176-->[com.onesignal:OneSignal:4.4.1] AndroidManifest.xml:72:13-36
177            android:noHistory="true"
177-->[com.onesignal:OneSignal:4.4.1] AndroidManifest.xml:73:13-37
178            android:theme="@android:style/Theme.Translucent.NoTitleBar" >
178-->[com.onesignal:OneSignal:4.4.1] AndroidManifest.xml:74:13-72
179            <intent-filter>
179-->[com.onesignal:OneSignal:4.4.1] AndroidManifest.xml:75:13-77:29
180                <action android:name="android.intent.action.VIEW" />
180-->[com.onesignal:OneSignal:4.4.1] AndroidManifest.xml:76:17-69
180-->[com.onesignal:OneSignal:4.4.1] AndroidManifest.xml:76:25-66
181            </intent-filter>
182        </activity>
183
184        <service
184-->[com.onesignal:OneSignal:4.4.1] AndroidManifest.xml:80:9-82:40
185            android:name="com.onesignal.FCMIntentService"
185-->[com.onesignal:OneSignal:4.4.1] AndroidManifest.xml:81:13-58
186            android:exported="false" />
186-->[com.onesignal:OneSignal:4.4.1] AndroidManifest.xml:82:13-37
187        <service
187-->[com.onesignal:OneSignal:4.4.1] AndroidManifest.xml:83:9-86:72
188            android:name="com.onesignal.FCMIntentJobService"
188-->[com.onesignal:OneSignal:4.4.1] AndroidManifest.xml:84:13-61
189            android:exported="false"
189-->[com.onesignal:OneSignal:4.4.1] AndroidManifest.xml:85:13-37
190            android:permission="android.permission.BIND_JOB_SERVICE" />
190-->[com.onesignal:OneSignal:4.4.1] AndroidManifest.xml:86:13-69
191        <service
191-->[com.onesignal:OneSignal:4.4.1] AndroidManifest.xml:87:9-90:43
192            android:name="com.onesignal.FocusDelaySyncService"
192-->[com.onesignal:OneSignal:4.4.1] AndroidManifest.xml:88:13-63
193            android:exported="false"
193-->[com.onesignal:OneSignal:4.4.1] AndroidManifest.xml:89:13-37
194            android:stopWithTask="true" />
194-->[com.onesignal:OneSignal:4.4.1] AndroidManifest.xml:90:13-40
195        <service
195-->[com.onesignal:OneSignal:4.4.1] AndroidManifest.xml:91:9-94:72
196            android:name="com.onesignal.FocusDelaySyncJobService"
196-->[com.onesignal:OneSignal:4.4.1] AndroidManifest.xml:92:13-66
197            android:exported="false"
197-->[com.onesignal:OneSignal:4.4.1] AndroidManifest.xml:93:13-37
198            android:permission="android.permission.BIND_JOB_SERVICE" />
198-->[com.onesignal:OneSignal:4.4.1] AndroidManifest.xml:94:13-69
199        <service
199-->[com.onesignal:OneSignal:4.4.1] AndroidManifest.xml:95:9-98:43
200            android:name="com.onesignal.SyncService"
200-->[com.onesignal:OneSignal:4.4.1] AndroidManifest.xml:96:13-53
201            android:exported="false"
201-->[com.onesignal:OneSignal:4.4.1] AndroidManifest.xml:97:13-37
202            android:stopWithTask="true" />
202-->[com.onesignal:OneSignal:4.4.1] AndroidManifest.xml:98:13-40
203        <service
203-->[com.onesignal:OneSignal:4.4.1] AndroidManifest.xml:99:9-102:72
204            android:name="com.onesignal.SyncJobService"
204-->[com.onesignal:OneSignal:4.4.1] AndroidManifest.xml:100:13-56
205            android:exported="false"
205-->[com.onesignal:OneSignal:4.4.1] AndroidManifest.xml:101:13-37
206            android:permission="android.permission.BIND_JOB_SERVICE" />
206-->[com.onesignal:OneSignal:4.4.1] AndroidManifest.xml:102:13-69
207
208        <activity
208-->[com.onesignal:OneSignal:4.4.1] AndroidManifest.xml:104:9-107:75
209            android:name="com.onesignal.PermissionsActivity"
209-->[com.onesignal:OneSignal:4.4.1] AndroidManifest.xml:105:13-61
210            android:exported="false"
210-->[com.onesignal:OneSignal:4.4.1] AndroidManifest.xml:106:13-37
211            android:theme="@android:style/Theme.Translucent.NoTitleBar" />
211-->[com.onesignal:OneSignal:4.4.1] AndroidManifest.xml:107:13-72
212
213        <receiver
213-->[com.onesignal:OneSignal:4.4.1] AndroidManifest.xml:109:9-111:39
214            android:name="com.onesignal.NotificationDismissReceiver"
214-->[com.onesignal:OneSignal:4.4.1] AndroidManifest.xml:110:13-69
215            android:exported="true" />
215-->[com.onesignal:OneSignal:4.4.1] AndroidManifest.xml:111:13-36
216        <receiver
216-->[com.onesignal:OneSignal:4.4.1] AndroidManifest.xml:112:9-119:20
217            android:name="com.onesignal.BootUpReceiver"
217-->[com.onesignal:OneSignal:4.4.1] AndroidManifest.xml:113:13-56
218            android:exported="true" >
218-->[com.onesignal:OneSignal:4.4.1] AndroidManifest.xml:114:13-36
219            <intent-filter>
219-->[com.onesignal:OneSignal:4.4.1] AndroidManifest.xml:115:13-118:29
220                <action android:name="android.intent.action.BOOT_COMPLETED" />
220-->[com.onesignal:OneSignal:4.4.1] AndroidManifest.xml:116:17-79
220-->[com.onesignal:OneSignal:4.4.1] AndroidManifest.xml:116:25-76
221                <action android:name="android.intent.action.QUICKBOOT_POWERON" />
221-->[com.onesignal:OneSignal:4.4.1] AndroidManifest.xml:117:17-82
221-->[com.onesignal:OneSignal:4.4.1] AndroidManifest.xml:117:25-79
222            </intent-filter>
223        </receiver>
224        <receiver
224-->[com.onesignal:OneSignal:4.4.1] AndroidManifest.xml:120:9-126:20
225            android:name="com.onesignal.UpgradeReceiver"
225-->[com.onesignal:OneSignal:4.4.1] AndroidManifest.xml:121:13-57
226            android:exported="true" >
226-->[com.onesignal:OneSignal:4.4.1] AndroidManifest.xml:122:13-36
227            <intent-filter>
227-->[com.onesignal:OneSignal:4.4.1] AndroidManifest.xml:123:13-125:29
228                <action android:name="android.intent.action.MY_PACKAGE_REPLACED" />
228-->[com.onesignal:OneSignal:4.4.1] AndroidManifest.xml:124:17-84
228-->[com.onesignal:OneSignal:4.4.1] AndroidManifest.xml:124:25-81
229            </intent-filter>
230        </receiver>
231
232        <activity
232-->[com.onesignal:OneSignal:4.4.1] AndroidManifest.xml:128:9-132:75
233            android:name="com.onesignal.NotificationOpenedReceiver"
233-->[com.onesignal:OneSignal:4.4.1] AndroidManifest.xml:129:13-68
234            android:exported="true"
234-->[com.onesignal:OneSignal:4.4.1] AndroidManifest.xml:130:13-36
235            android:noHistory="true"
235-->[com.onesignal:OneSignal:4.4.1] AndroidManifest.xml:131:13-37
236            android:theme="@android:style/Theme.Translucent.NoTitleBar" />
236-->[com.onesignal:OneSignal:4.4.1] AndroidManifest.xml:132:13-72
237        <activity
237-->[com.journeyapps:zxing-android-embedded:3.4.0] AndroidManifest.xml:46:9-52:63
238            android:name="com.journeyapps.barcodescanner.CaptureActivity"
238-->[com.journeyapps:zxing-android-embedded:3.4.0] AndroidManifest.xml:47:13-74
239            android:clearTaskOnLaunch="true"
239-->[com.journeyapps:zxing-android-embedded:3.4.0] AndroidManifest.xml:48:13-45
240            android:screenOrientation="sensorLandscape"
240-->[com.journeyapps:zxing-android-embedded:3.4.0] AndroidManifest.xml:49:13-56
241            android:stateNotNeeded="true"
241-->[com.journeyapps:zxing-android-embedded:3.4.0] AndroidManifest.xml:50:13-42
242            android:theme="@style/zxing_CaptureTheme"
242-->[com.journeyapps:zxing-android-embedded:3.4.0] AndroidManifest.xml:51:13-54
243            android:windowSoftInputMode="stateAlwaysHidden" />
243-->[com.journeyapps:zxing-android-embedded:3.4.0] AndroidManifest.xml:52:13-60
244        <activity
244-->[com.facebook.android:audience-network-sdk:5.11.0] AndroidManifest.xml:15:9-19:75
245            android:name="com.facebook.ads.AudienceNetworkActivity"
245-->[com.facebook.android:audience-network-sdk:5.11.0] AndroidManifest.xml:16:13-68
246            android:configChanges="keyboardHidden|orientation|screenSize"
246-->[com.facebook.android:audience-network-sdk:5.11.0] AndroidManifest.xml:17:13-74
247            android:exported="false"
247-->[com.facebook.android:audience-network-sdk:5.11.0] AndroidManifest.xml:18:13-37
248            android:theme="@android:style/Theme.Translucent.NoTitleBar" />
248-->[com.facebook.android:audience-network-sdk:5.11.0] AndroidManifest.xml:19:13-72
249
250        <provider
250-->[com.facebook.android:audience-network-sdk:5.11.0] AndroidManifest.xml:21:9-24:40
251            android:name="com.facebook.ads.AudienceNetworkContentProvider"
251-->[com.facebook.android:audience-network-sdk:5.11.0] AndroidManifest.xml:22:13-75
252            android:authorities="com.editmypdffree.rdtl.AudienceNetworkContentProvider"
252-->[com.facebook.android:audience-network-sdk:5.11.0] AndroidManifest.xml:23:13-82
253            android:exported="false" />
253-->[com.facebook.android:audience-network-sdk:5.11.0] AndroidManifest.xml:24:13-37
254
255        <receiver
255-->[com.google.android.gms:play-services-measurement:19.0.0] AndroidManifest.xml:29:9-33:20
256            android:name="com.google.android.gms.measurement.AppMeasurementReceiver"
256-->[com.google.android.gms:play-services-measurement:19.0.0] AndroidManifest.xml:30:13-85
257            android:enabled="true"
257-->[com.google.android.gms:play-services-measurement:19.0.0] AndroidManifest.xml:31:13-35
258            android:exported="false" >
258-->[com.google.android.gms:play-services-measurement:19.0.0] AndroidManifest.xml:32:13-37
259        </receiver>
260
261        <service
261-->[com.google.android.gms:play-services-measurement:19.0.0] AndroidManifest.xml:35:9-38:40
262            android:name="com.google.android.gms.measurement.AppMeasurementService"
262-->[com.google.android.gms:play-services-measurement:19.0.0] AndroidManifest.xml:36:13-84
263            android:enabled="true"
263-->[com.google.android.gms:play-services-measurement:19.0.0] AndroidManifest.xml:37:13-35
264            android:exported="false" />
264-->[com.google.android.gms:play-services-measurement:19.0.0] AndroidManifest.xml:38:13-37
265        <service
265-->[com.google.android.gms:play-services-measurement:19.0.0] AndroidManifest.xml:39:9-43:72
266            android:name="com.google.android.gms.measurement.AppMeasurementJobService"
266-->[com.google.android.gms:play-services-measurement:19.0.0] AndroidManifest.xml:40:13-87
267            android:enabled="true"
267-->[com.google.android.gms:play-services-measurement:19.0.0] AndroidManifest.xml:41:13-35
268            android:exported="false"
268-->[com.google.android.gms:play-services-measurement:19.0.0] AndroidManifest.xml:42:13-37
269            android:permission="android.permission.BIND_JOB_SERVICE" />
269-->[com.google.android.gms:play-services-measurement:19.0.0] AndroidManifest.xml:43:13-69
270        <service
270-->[com.google.android.gms:play-services-measurement-api:19.0.0] AndroidManifest.xml:27:9-33:19
271            android:name="com.google.firebase.components.ComponentDiscoveryService"